<<<<<<< HEAD
﻿  game.cpp
  war.vcxproj -> C:\Users\craneza1\Documents\GitHub\War\Debug\war.exe
=======
﻿Build started 9/25/2014 8:38:40 PM.
     1>Project "C:\Users\Zatch\Desktop\War\war\war.vcxproj" on node 2 (Build target(s)).
     1>InitializeBuildStatus:
         Creating "Debug\war.unsuccessfulbuild" because "AlwaysCreate" was specified.
       ClCompile:
         G:\Program Files (x86)\Microsoft Visual Studio 11.0\VC\bin\CL.exe /c /ZI /nologo /W3 /WX- /sdl /Od /Oy- /D WIN32 /D _DEBUG /D _CONSOLE /D _UNICODE /D UNICODE /Gm /EHsc /RTC1 /MDd /GS /fp:precise /Zc:wchar_t /Zc:forScope /Fo"Debug\\" /Fd"Debug\vc110.pdb" /Gd /TP /analyze- /errorReport:prompt game.cpp
         game.cpp
       Link:
         G:\Program Files (x86)\Microsoft Visual Studio 11.0\VC\bin\link.exe /ERRORREPORT:PROMPT /OUT:"C:\Users\Zatch\Desktop\War\Debug\war.exe" /INCREMENTAL /NOLOGO kernel32.lib user32.lib gdi32.lib winspool.lib comdlg32.lib advapi32.lib shell32.lib ole32.lib oleaut32.lib uuid.lib odbc32.lib odbccp32.lib /MANIFEST /MANIFESTUAC:"level='asInvoker' uiAccess='false'" /manifest:embed /DEBUG /PDB:"C:\Users\Zatch\Desktop\War\Debug\war.pdb" /SUBSYSTEM:CONSOLE /TLBID:1 /DYNAMICBASE /NXCOMPAT /IMPLIB:"C:\Users\Zatch\Desktop\War\Debug\war.lib" /MACHINE:X86 Debug\card.obj
         Debug\game.obj
         Debug\player.obj
         Debug\stdafx.obj
         Debug\war.obj
         war.vcxproj -> C:\Users\Zatch\Desktop\War\Debug\war.exe
       FinalizeBuildStatus:
         Deleting file "Debug\war.unsuccessfulbuild".
         Touching "Debug\war.lastbuildstate".
     1>Done Building Project "C:\Users\Zatch\Desktop\War\war\war.vcxproj" (Build target(s)).

Build succeeded.

Time Elapsed 00:00:01.11
>>>>>>> origin/master
